Using pre-set license
Built from '2020.3/staging' branch; Version is '2020.3.17f1 (a4537701e4ab) revision 10769271'; Using compiler version '192528614'; Build Type 'Release'
OS: 'Windows 10 Home; OS build 19043.1165; Version 2009; 64bit' Language: 'en' Physical Memory: 16260 MB
BatchMode: 1, IsHumanControllingUs: 0, StartBugReporterOnCrash: 0, Is64bit: 1, IsPro: 0

COMMAND LINE ARGUMENTS:
D:\programs\Unity\2020.3.17f1\Editor\Unity.exe
-adb2
-batchMode
-noUpm
-name
AssetImportWorker0
-projectPath
C:/Users/Eliah/Desktop/Repos/PlaystationProject/Odyssey
-logFile
Logs/AssetImportWorker0.log
-srvPort
5536
Successfully changed project path to: C:/Users/Eliah/Desktop/Repos/PlaystationProject/Odyssey
C:/Users/Eliah/Desktop/Repos/PlaystationProject/Odyssey
Using Asset Import Pipeline V2.
Refreshing native plugins compatible for Editor in 104.18 ms, found 6 plugins.
Preloading 0 native plugins for Editor in 0.00 ms.
Initialize engine version: 2020.3.17f1 (a4537701e4ab)
[Subsystems] Discovering subsystems at path D:/programs/Unity/2020.3.17f1/Editor/Data/Resources/UnitySubsystems
[Subsystems] Discovering subsystems at path C:/Users/Eliah/Desktop/Repos/PlaystationProject/Odyssey/Assets
GfxDevice: creating device client; threaded=0
Direct3D:
    Version:  Direct3D 11.0 [level 11.1]
    Renderer: NVIDIA GeForce GTX 980 (ID=0x13c0)
    Vendor:   
    VRAM:     4053 MB
    Driver:   30.0.14.7111
Initialize mono
Mono path[0] = 'D:/programs/Unity/2020.3.17f1/Editor/Data/Managed'
Mono path[1] = 'D:/programs/Unity/2020.3.17f1/Editor/Data/MonoBleedingEdge/lib/mono/unityjit'
Mono config path = 'D:/programs/Unity/2020.3.17f1/Editor/Data/MonoBleedingEdge/etc'
Using monoOptions --debugger-agent=transport=dt_socket,embedding=1,server=y,suspend=n,address=127.0.0.1:56952
Begin MonoManager ReloadAssembly
Registering precompiled unity dll's ...
Register platform support module: D:/programs/Unity/2020.3.17f1/Editor/Data/PlaybackEngines/WebGLSupport/UnityEditor.WebGL.Extensions.dll
Register platform support module: D:/programs/Unity/2020.3.17f1/Editor/Data/PlaybackEngines/WindowsStandaloneSupport/UnityEditor.WindowsStandalone.Extensions.dll
Registered in 0.001762 seconds.
Native extension for WindowsStandalone target not found
Native extension for WebGL target not found
Refreshing native plugins compatible for Editor in 52.15 ms, found 6 plugins.
Preloading 0 native plugins for Editor in 0.00 ms.
Mono: successfully reloaded assembly
- Completed reload, in  1.887 seconds
Domain Reload Profiling:
	ReloadAssembly (1887ms)
		BeginReloadAssembly (73ms)
			ExecutionOrderSort (0ms)
			DisableScriptedObjects (0ms)
			BackupInstance (0ms)
			ReleaseScriptingObjects (0ms)
			CreateAndSetChildDomain (1ms)
		EndReloadAssembly (415ms)
			LoadAssemblies (72ms)
			RebuildTransferFunctionScriptingTraits (0ms)
			SetupTypeCache (143ms)
			ReleaseScriptCaches (0ms)
			RebuildScriptCaches (31ms)
			SetupLoadedEditorAssemblies (170ms)
				LogAssemblyErrors (0ms)
				InitializePlatformSupportModulesInManaged (4ms)
				SetLoadedEditorAssemblies (0ms)
				RefreshPlugins (52ms)
				BeforeProcessingInitializeOnLoad (16ms)
				ProcessInitializeOnLoadAttributes (73ms)
				ProcessInitializeOnLoadMethodAttributes (25ms)
				AfterProcessingInitializeOnLoad (0ms)
				EditorAssembliesLoaded (0ms)
			ExecutionOrderSort2 (0ms)
			AwakeInstancesAfterBackupRestoration (0ms)
Platform modules already initialized, skipping
Registering precompiled user dll's ...
Registered in 0.010125 seconds.
Begin MonoManager ReloadAssembly
Native extension for WindowsStandalone target not found
Native extension for WebGL target not found
Refreshing native plugins compatible for Editor in 47.93 ms, found 6 plugins.
Preloading 0 native plugins for Editor in 0.00 ms.
Mono: successfully reloaded assembly
Fallback handler could not load library D:/programs/Unity/2020.3.17f1/Editor/Data/Mono/lib/libdl
Fallback handler could not load library D:/programs/Unity/2020.3.17f1/Editor/Data/Mono/lib/libdl.dll
Fallback handler could not load library D:/programs/Unity/2020.3.17f1/Editor/Data/Mono/lib/libdl
Fallback handler could not load library D:/programs/Unity/2020.3.17f1/Editor/Data/Mono/lib/libdl
Fallback handler could not load library D:/programs/Unity/2020.3.17f1/Editor/Data/Mono/lib/libdl.dll
Fallback handler could not load library D:/programs/Unity/2020.3.17f1/Editor/Data/Mono/lib/libdl
- Completed reload, in  1.392 seconds
Domain Reload Profiling:
	ReloadAssembly (1393ms)
		BeginReloadAssembly (166ms)
			ExecutionOrderSort (0ms)
			DisableScriptedObjects (4ms)
			BackupInstance (0ms)
			ReleaseScriptingObjects (0ms)
			CreateAndSetChildDomain (23ms)
		EndReloadAssembly (1160ms)
			LoadAssemblies (123ms)
			RebuildTransferFunctionScriptingTraits (0ms)
			SetupTypeCache (377ms)
			ReleaseScriptCaches (1ms)
			RebuildScriptCaches (56ms)
			SetupLoadedEditorAssemblies (422ms)
				LogAssemblyErrors (0ms)
				InitializePlatformSupportModulesInManaged (4ms)
				SetLoadedEditorAssemblies (0ms)
				RefreshPlugins (48ms)
				BeforeProcessingInitializeOnLoad (88ms)
				ProcessInitializeOnLoadAttributes (275ms)
				ProcessInitializeOnLoadMethodAttributes (4ms)
				AfterProcessingInitializeOnLoad (3ms)
				EditorAssembliesLoaded (0ms)
			ExecutionOrderSort2 (0ms)
			AwakeInstancesAfterBackupRestoration (8ms)
Platform modules already initialized, skipping
========================================================================
Worker process is ready to serve import requests
Launched and connected shader compiler UnityShaderCompiler.exe after 0.04 seconds
Refreshing native plugins compatible for Editor in 0.74 ms, found 6 plugins.
Preloading 0 native plugins for Editor in 0.00 ms.
Unloading 2859 Unused Serialized files (Serialized files now loaded: 0)
System memory in use before: 129.5 MB.
System memory in use after: 129.7 MB.

Unloading 55 unused Assets to reduce memory usage. Loaded Objects now: 3269.
Total: 3.447700 ms (FindLiveObjects: 0.343700 ms CreateObjectMapping: 0.260900 ms MarkObjects: 2.756100 ms  DeleteObjects: 0.086000 ms)

AssetImportParameters requested are different than current active one (requested -> active):
  custom:framework-win-MediaFoundation: 216162199b28c13a410421893ffa2e32 -> 
  custom:video-decoder-ogg-theora: a1e56fd34408186e4bbccfd4996cb3dc -> 
  custom:container-muxer-webm: aa71ff27fc2769a1b78a27578f13a17b -> 
  custom:container-demuxer-webm: 4f35f7cbe854078d1ac9338744f61a02 -> 
  custom:container-demuxer-ogg: 62fdf1f143b41e24485cea50d1cbac27 -> 
  custom:video-encoder-webm-vp8: eb34c28f22e8b96e1ab97ce403110664 -> 
  custom:video-codec-MediaFoundation-h265: 746d11721c4dcdbdad8f713fa42b33f4 -> 
  custom:video-decoder-webm-vp8: 9c59270c3fd7afecdb556c50c9e8de78 -> 
  custom:audio-decoder-ogg-vorbis: bf7c407c2cedff20999df2af8eb42d56 -> 
  custom:audio-encoder-webm-vorbis: bf7c407c2cedff20999df2af8eb42d56 -> 
========================================================================
Received Import Request.
  path: Assets/Prototype/Character/Base Model/Ulysse_Test5_Rigged_Model.fbx
  artifactKey: Guid(6d0909b2034f8954b99b561f2b799d65) Importer(815301076,1909f56bfc062723c751e8b465ee728b)
Start importing Assets/Prototype/Character/Base Model/Ulysse_Test5_Rigged_Model.fbx using Guid(6d0909b2034f8954b99b561f2b799d65) Importer(815301076,1909f56bfc062723c751e8b465ee728b)  -> (artifact id: '3c8a44e37668d689001794dbe07f5af3') in 0.562987 seconds 
  Import took 0.568071 seconds .

========================================================================
Received Import Request.
  Time since last request: 130.426603 seconds.
  path: Assets/Prototype/Character/Base Model/Player.prefab
  artifactKey: Guid(2000366d6196e394887ce79cffad81f8) Importer(815301076,1909f56bfc062723c751e8b465ee728b)
Start importing Assets/Prototype/Character/Base Model/Player.prefab using Guid(2000366d6196e394887ce79cffad81f8) Importer(815301076,1909f56bfc062723c751e8b465ee728b)  -> (artifact id: '573b572216ea2f5900ca26ea3f0f53e3') in 0.020013 seconds 
  Import took 0.026176 seconds .

========================================================================
Received Import Request.
  Time since last request: 35.865211 seconds.
  path: Assets/Prototype/Character/Weaponry/UlysseSwordModel.fbx
  artifactKey: Guid(ba22f801b469be74b8b20a8ba5afeb1a) Importer(815301076,1909f56bfc062723c751e8b465ee728b)
Start importing Assets/Prototype/Character/Weaponry/UlysseSwordModel.fbx using Guid(ba22f801b469be74b8b20a8ba5afeb1a) Importer(815301076,1909f56bfc062723c751e8b465ee728b)  -> (artifact id: 'fce01fc90910ae1bedf06d06694752c3') in 0.099003 seconds 
  Import took 0.107251 seconds .

========================================================================
Received Import Request.
  Time since last request: 6.981503 seconds.
  path: Assets/Prototype/Character/Weaponry/UlysseShieldModel_Test.fbx
  artifactKey: Guid(aa203efaf35ab7f49ac515b7d94902e1) Importer(815301076,1909f56bfc062723c751e8b465ee728b)
Start importing Assets/Prototype/Character/Weaponry/UlysseShieldModel_Test.fbx using Guid(aa203efaf35ab7f49ac515b7d94902e1) Importer(815301076,1909f56bfc062723c751e8b465ee728b)  -> (artifact id: '446b2c0add43c0d73b4814ef2b046a85') in 0.092720 seconds 
  Import took 0.100493 seconds .

========================================================================
Received Import Request.
  Time since last request: 314.950120 seconds.
  path: Assets/Prototype/Character/Base Model/Player.prefab
  artifactKey: Guid(2000366d6196e394887ce79cffad81f8) Importer(815301076,1909f56bfc062723c751e8b465ee728b)
Start importing Assets/Prototype/Character/Base Model/Player.prefab using Guid(2000366d6196e394887ce79cffad81f8) Importer(815301076,1909f56bfc062723c751e8b465ee728b)  -> (artifact id: 'aecf2efb74be357c5c00d8c1f24e8b0a') in 0.014694 seconds 
  Import took 0.020171 seconds .

========================================================================
Received Prepare
Registering precompiled user dll's ...
Registered in 0.009679 seconds.
Begin MonoManager ReloadAssembly
Fallback handler could not load library D:/programs/Unity/2020.3.17f1/Editor/Data/Mono/lib/libdl
Fallback handler could not load library D:/programs/Unity/2020.3.17f1/Editor/Data/Mono/lib/libdl.dll
Fallback handler could not load library D:/programs/Unity/2020.3.17f1/Editor/Data/Mono/lib/libdl
Native extension for WindowsStandalone target not found
Native extension for WebGL target not found
Refreshing native plugins compatible for Editor in 0.78 ms, found 6 plugins.
Preloading 0 native plugins for Editor in 0.00 ms.
Mono: successfully reloaded assembly
Fallback handler could not load library D:/programs/Unity/2020.3.17f1/Editor/Data/Mono/lib/libdl
Fallback handler could not load library D:/programs/Unity/2020.3.17f1/Editor/Data/Mono/lib/libdl.dll
Fallback handler could not load library D:/programs/Unity/2020.3.17f1/Editor/Data/Mono/lib/libdl
Fallback handler could not load library D:/programs/Unity/2020.3.17f1/Editor/Data/Mono/lib/libdl
Fallback handler could not load library D:/programs/Unity/2020.3.17f1/Editor/Data/Mono/lib/libdl.dll
Fallback handler could not load library D:/programs/Unity/2020.3.17f1/Editor/Data/Mono/lib/libdl
- Completed reload, in  1.392 seconds
Domain Reload Profiling:
	ReloadAssembly (1392ms)
		BeginReloadAssembly (252ms)
			ExecutionOrderSort (0ms)
			DisableScriptedObjects (6ms)
			BackupInstance (0ms)
			ReleaseScriptingObjects (0ms)
			CreateAndSetChildDomain (47ms)
		EndReloadAssembly (1036ms)
			LoadAssemblies (162ms)
			RebuildTransferFunctionScriptingTraits (0ms)
			SetupTypeCache (307ms)
			ReleaseScriptCaches (1ms)
			RebuildScriptCaches (38ms)
			SetupLoadedEditorAssemblies (407ms)
				LogAssemblyErrors (0ms)
				InitializePlatformSupportModulesInManaged (4ms)
				SetLoadedEditorAssemblies (0ms)
				RefreshPlugins (1ms)
				BeforeProcessingInitializeOnLoad (78ms)
				ProcessInitializeOnLoadAttributes (315ms)
				ProcessInitializeOnLoadMethodAttributes (5ms)
				AfterProcessingInitializeOnLoad (4ms)
				EditorAssembliesLoaded (0ms)
			ExecutionOrderSort2 (0ms)
			AwakeInstancesAfterBackupRestoration (19ms)
Platform modules already initialized, skipping
Refreshing native plugins compatible for Editor in 0.86 ms, found 6 plugins.
Preloading 0 native plugins for Editor in 0.00 ms.
Unloading 2747 Unused Serialized files (Serialized files now loaded: 0)
System memory in use before: 141.3 MB.
System memory in use after: 141.6 MB.

Unloading 51 unused Assets to reduce memory usage. Loaded Objects now: 3353.
Total: 3.941800 ms (FindLiveObjects: 0.321800 ms CreateObjectMapping: 0.126600 ms MarkObjects: 3.454900 ms  DeleteObjects: 0.037100 ms)

AssetImportParameters requested are different than current active one (requested -> active):
  custom:framework-win-MediaFoundation: 216162199b28c13a410421893ffa2e32 -> 
  custom:video-decoder-ogg-theora: a1e56fd34408186e4bbccfd4996cb3dc -> 
  custom:container-muxer-webm: aa71ff27fc2769a1b78a27578f13a17b -> 
  custom:container-demuxer-webm: 4f35f7cbe854078d1ac9338744f61a02 -> 
  custom:container-demuxer-ogg: 62fdf1f143b41e24485cea50d1cbac27 -> 
  custom:video-encoder-webm-vp8: eb34c28f22e8b96e1ab97ce403110664 -> 
  custom:video-codec-MediaFoundation-h265: 746d11721c4dcdbdad8f713fa42b33f4 -> 
  custom:video-decoder-webm-vp8: 9c59270c3fd7afecdb556c50c9e8de78 -> 
  custom:audio-decoder-ogg-vorbis: bf7c407c2cedff20999df2af8eb42d56 -> 
  custom:audio-encoder-webm-vorbis: bf7c407c2cedff20999df2af8eb42d56 -> 
========================================================================
Received Prepare
Registering precompiled user dll's ...
Registered in 0.009858 seconds.
Begin MonoManager ReloadAssembly
Fallback handler could not load library D:/programs/Unity/2020.3.17f1/Editor/Data/Mono/lib/libdl
Fallback handler could not load library D:/programs/Unity/2020.3.17f1/Editor/Data/Mono/lib/libdl.dll
Fallback handler could not load library D:/programs/Unity/2020.3.17f1/Editor/Data/Mono/lib/libdl
Native extension for WindowsStandalone target not found
Native extension for WebGL target not found
Refreshing native plugins compatible for Editor in 0.82 ms, found 6 plugins.
Preloading 0 native plugins for Editor in 0.00 ms.
Mono: successfully reloaded assembly
Fallback handler could not load library D:/programs/Unity/2020.3.17f1/Editor/Data/Mono/lib/libdl
Fallback handler could not load library D:/programs/Unity/2020.3.17f1/Editor/Data/Mono/lib/libdl.dll
Fallback handler could not load library D:/programs/Unity/2020.3.17f1/Editor/Data/Mono/lib/libdl
Fallback handler could not load library D:/programs/Unity/2020.3.17f1/Editor/Data/Mono/lib/libdl
Fallback handler could not load library D:/programs/Unity/2020.3.17f1/Editor/Data/Mono/lib/libdl.dll
Fallback handler could not load library D:/programs/Unity/2020.3.17f1/Editor/Data/Mono/lib/libdl
- Completed reload, in  1.280 seconds
Domain Reload Profiling:
	ReloadAssembly (1280ms)
		BeginReloadAssembly (185ms)
			ExecutionOrderSort (0ms)
			DisableScriptedObjects (4ms)
			BackupInstance (0ms)
			ReleaseScriptingObjects (0ms)
			CreateAndSetChildDomain (33ms)
		EndReloadAssembly (1033ms)
			LoadAssemblies (146ms)
			RebuildTransferFunctionScriptingTraits (0ms)
			SetupTypeCache (347ms)
			ReleaseScriptCaches (1ms)
			RebuildScriptCaches (38ms)
			SetupLoadedEditorAssemblies (351ms)
				LogAssemblyErrors (0ms)
				InitializePlatformSupportModulesInManaged (4ms)
				SetLoadedEditorAssemblies (0ms)
				RefreshPlugins (1ms)
				BeforeProcessingInitializeOnLoad (78ms)
				ProcessInitializeOnLoadAttributes (260ms)
				ProcessInitializeOnLoadMethodAttributes (4ms)
				AfterProcessingInitializeOnLoad (3ms)
				EditorAssembliesLoaded (0ms)
			ExecutionOrderSort2 (0ms)
			AwakeInstancesAfterBackupRestoration (14ms)
Platform modules already initialized, skipping
Refreshing native plugins compatible for Editor in 0.78 ms, found 6 plugins.
Preloading 0 native plugins for Editor in 0.00 ms.
Unloading 2747 Unused Serialized files (Serialized files now loaded: 0)
System memory in use before: 141.4 MB.
System memory in use after: 141.6 MB.

Unloading 51 unused Assets to reduce memory usage. Loaded Objects now: 3355.
Total: 3.128000 ms (FindLiveObjects: 0.267500 ms CreateObjectMapping: 0.104500 ms MarkObjects: 2.731200 ms  DeleteObjects: 0.023900 ms)

AssetImportParameters requested are different than current active one (requested -> active):
  custom:framework-win-MediaFoundation: 216162199b28c13a410421893ffa2e32 -> 
  custom:video-decoder-ogg-theora: a1e56fd34408186e4bbccfd4996cb3dc -> 
  custom:container-muxer-webm: aa71ff27fc2769a1b78a27578f13a17b -> 
  custom:container-demuxer-webm: 4f35f7cbe854078d1ac9338744f61a02 -> 
  custom:container-demuxer-ogg: 62fdf1f143b41e24485cea50d1cbac27 -> 
  custom:video-encoder-webm-vp8: eb34c28f22e8b96e1ab97ce403110664 -> 
  custom:video-codec-MediaFoundation-h265: 746d11721c4dcdbdad8f713fa42b33f4 -> 
  custom:video-decoder-webm-vp8: 9c59270c3fd7afecdb556c50c9e8de78 -> 
  custom:audio-decoder-ogg-vorbis: bf7c407c2cedff20999df2af8eb42d56 -> 
  custom:audio-encoder-webm-vorbis: bf7c407c2cedff20999df2af8eb42d56 -> 
========================================================================
Received Prepare
Registering precompiled user dll's ...
Registered in 0.009848 seconds.
Begin MonoManager ReloadAssembly
Fallback handler could not load library D:/programs/Unity/2020.3.17f1/Editor/Data/Mono/lib/libdl
Fallback handler could not load library D:/programs/Unity/2020.3.17f1/Editor/Data/Mono/lib/libdl.dll
Fallback handler could not load library D:/programs/Unity/2020.3.17f1/Editor/Data/Mono/lib/libdl
Native extension for WindowsStandalone target not found
Native extension for WebGL target not found
Refreshing native plugins compatible for Editor in 0.81 ms, found 6 plugins.
Preloading 0 native plugins for Editor in 0.00 ms.
Mono: successfully reloaded assembly
Fallback handler could not load library D:/programs/Unity/2020.3.17f1/Editor/Data/Mono/lib/libdl
Fallback handler could not load library D:/programs/Unity/2020.3.17f1/Editor/Data/Mono/lib/libdl.dll
Fallback handler could not load library D:/programs/Unity/2020.3.17f1/Editor/Data/Mono/lib/libdl
Fallback handler could not load library D:/programs/Unity/2020.3.17f1/Editor/Data/Mono/lib/libdl
Fallback handler could not load library D:/programs/Unity/2020.3.17f1/Editor/Data/Mono/lib/libdl.dll
Fallback handler could not load library D:/programs/Unity/2020.3.17f1/Editor/Data/Mono/lib/libdl
- Completed reload, in  1.167 seconds
Domain Reload Profiling:
	ReloadAssembly (1167ms)
		BeginReloadAssembly (176ms)
			ExecutionOrderSort (0ms)
			DisableScriptedObjects (4ms)
			BackupInstance (0ms)
			ReleaseScriptingObjects (0ms)
			CreateAndSetChildDomain (34ms)
		EndReloadAssembly (937ms)
			LoadAssemblies (103ms)
			RebuildTransferFunctionScriptingTraits (0ms)
			SetupTypeCache (302ms)
			ReleaseScriptCaches (1ms)
			RebuildScriptCaches (39ms)
			SetupLoadedEditorAssemblies (350ms)
				LogAssemblyErrors (0ms)
				InitializePlatformSupportModulesInManaged (4ms)
				SetLoadedEditorAssemblies (0ms)
				RefreshPlugins (1ms)
				BeforeProcessingInitializeOnLoad (79ms)
				ProcessInitializeOnLoadAttributes (256ms)
				ProcessInitializeOnLoadMethodAttributes (4ms)
				AfterProcessingInitializeOnLoad (5ms)
				EditorAssembliesLoaded (0ms)
			ExecutionOrderSort2 (0ms)
			AwakeInstancesAfterBackupRestoration (13ms)
Platform modules already initialized, skipping
Refreshing native plugins compatible for Editor in 0.79 ms, found 6 plugins.
Preloading 0 native plugins for Editor in 0.00 ms.
Unloading 2747 Unused Serialized files (Serialized files now loaded: 0)
System memory in use before: 141.4 MB.
System memory in use after: 141.6 MB.

Unloading 51 unused Assets to reduce memory usage. Loaded Objects now: 3357.
Total: 3.023700 ms (FindLiveObjects: 0.248700 ms CreateObjectMapping: 0.100400 ms MarkObjects: 2.650600 ms  DeleteObjects: 0.022900 ms)

AssetImportParameters requested are different than current active one (requested -> active):
  custom:framework-win-MediaFoundation: 216162199b28c13a410421893ffa2e32 -> 
  custom:video-decoder-ogg-theora: a1e56fd34408186e4bbccfd4996cb3dc -> 
  custom:container-muxer-webm: aa71ff27fc2769a1b78a27578f13a17b -> 
  custom:container-demuxer-webm: 4f35f7cbe854078d1ac9338744f61a02 -> 
  custom:container-demuxer-ogg: 62fdf1f143b41e24485cea50d1cbac27 -> 
  custom:video-encoder-webm-vp8: eb34c28f22e8b96e1ab97ce403110664 -> 
  custom:video-codec-MediaFoundation-h265: 746d11721c4dcdbdad8f713fa42b33f4 -> 
  custom:video-decoder-webm-vp8: 9c59270c3fd7afecdb556c50c9e8de78 -> 
  custom:audio-decoder-ogg-vorbis: bf7c407c2cedff20999df2af8eb42d56 -> 
  custom:audio-encoder-webm-vorbis: bf7c407c2cedff20999df2af8eb42d56 -> 
========================================================================
Received Prepare
Registering precompiled user dll's ...
Registered in 0.014201 seconds.
Begin MonoManager ReloadAssembly
Fallback handler could not load library D:/programs/Unity/2020.3.17f1/Editor/Data/Mono/lib/libdl
Fallback handler could not load library D:/programs/Unity/2020.3.17f1/Editor/Data/Mono/lib/libdl.dll
Fallback handler could not load library D:/programs/Unity/2020.3.17f1/Editor/Data/Mono/lib/libdl
Native extension for WindowsStandalone target not found
Native extension for WebGL target not found
Refreshing native plugins compatible for Editor in 0.90 ms, found 6 plugins.
Preloading 0 native plugins for Editor in 0.00 ms.
Mono: successfully reloaded assembly
Fallback handler could not load library D:/programs/Unity/2020.3.17f1/Editor/Data/Mono/lib/libdl
Fallback handler could not load library D:/programs/Unity/2020.3.17f1/Editor/Data/Mono/lib/libdl.dll
Fallback handler could not load library D:/programs/Unity/2020.3.17f1/Editor/Data/Mono/lib/libdl
Fallback handler could not load library D:/programs/Unity/2020.3.17f1/Editor/Data/Mono/lib/libdl
Fallback handler could not load library D:/programs/Unity/2020.3.17f1/Editor/Data/Mono/lib/libdl.dll
Fallback handler could not load library D:/programs/Unity/2020.3.17f1/Editor/Data/Mono/lib/libdl
- Completed reload, in  1.570 seconds
Domain Reload Profiling:
	ReloadAssembly (1571ms)
		BeginReloadAssembly (321ms)
			ExecutionOrderSort (0ms)
			DisableScriptedObjects (10ms)
			BackupInstance (0ms)
			ReleaseScriptingObjects (0ms)
			CreateAndSetChildDomain (103ms)
		EndReloadAssembly (1159ms)
			LoadAssemblies (150ms)
			RebuildTransferFunctionScriptingTraits (0ms)
			SetupTypeCache (364ms)
			ReleaseScriptCaches (2ms)
			RebuildScriptCaches (50ms)
			SetupLoadedEditorAssemblies (434ms)
				LogAssemblyErrors (0ms)
				InitializePlatformSupportModulesInManaged (5ms)
				SetLoadedEditorAssemblies (1ms)
				RefreshPlugins (1ms)
				BeforeProcessingInitializeOnLoad (98ms)
				ProcessInitializeOnLoadAttributes (318ms)
				ProcessInitializeOnLoadMethodAttributes (6ms)
				AfterProcessingInitializeOnLoad (5ms)
				EditorAssembliesLoaded (0ms)
			ExecutionOrderSort2 (0ms)
			AwakeInstancesAfterBackupRestoration (18ms)
Platform modules already initialized, skipping
Refreshing native plugins compatible for Editor in 1.02 ms, found 6 plugins.
Preloading 0 native plugins for Editor in 0.00 ms.
Unloading 2747 Unused Serialized files (Serialized files now loaded: 0)
System memory in use before: 141.4 MB.
System memory in use after: 141.7 MB.

Unloading 51 unused Assets to reduce memory usage. Loaded Objects now: 3359.
Total: 4.260000 ms (FindLiveObjects: 0.369300 ms CreateObjectMapping: 0.251900 ms MarkObjects: 3.602300 ms  DeleteObjects: 0.035100 ms)

AssetImportParameters requested are different than current active one (requested -> active):
  custom:framework-win-MediaFoundation: 216162199b28c13a410421893ffa2e32 -> 
  custom:video-decoder-ogg-theora: a1e56fd34408186e4bbccfd4996cb3dc -> 
  custom:container-muxer-webm: aa71ff27fc2769a1b78a27578f13a17b -> 
  custom:container-demuxer-webm: 4f35f7cbe854078d1ac9338744f61a02 -> 
  custom:container-demuxer-ogg: 62fdf1f143b41e24485cea50d1cbac27 -> 
  custom:video-encoder-webm-vp8: eb34c28f22e8b96e1ab97ce403110664 -> 
  custom:video-codec-MediaFoundation-h265: 746d11721c4dcdbdad8f713fa42b33f4 -> 
  custom:video-decoder-webm-vp8: 9c59270c3fd7afecdb556c50c9e8de78 -> 
  custom:audio-decoder-ogg-vorbis: bf7c407c2cedff20999df2af8eb42d56 -> 
  custom:audio-encoder-webm-vorbis: bf7c407c2cedff20999df2af8eb42d56 -> 
========================================================================
Received Prepare
Registering precompiled user dll's ...
Registered in 0.009463 seconds.
Begin MonoManager ReloadAssembly
Fallback handler could not load library D:/programs/Unity/2020.3.17f1/Editor/Data/Mono/lib/libdl
Fallback handler could not load library D:/programs/Unity/2020.3.17f1/Editor/Data/Mono/lib/libdl.dll
Fallback handler could not load library D:/programs/Unity/2020.3.17f1/Editor/Data/Mono/lib/libdl
Native extension for WindowsStandalone target not found
Native extension for WebGL target not found
Refreshing native plugins compatible for Editor in 0.84 ms, found 6 plugins.
Preloading 0 native plugins for Editor in 0.00 ms.
Mono: successfully reloaded assembly
Fallback handler could not load library D:/programs/Unity/2020.3.17f1/Editor/Data/Mono/lib/libdl
Fallback handler could not load library D:/programs/Unity/2020.3.17f1/Editor/Data/Mono/lib/libdl.dll
Fallback handler could not load library D:/programs/Unity/2020.3.17f1/Editor/Data/Mono/lib/libdl
Fallback handler could not load library D:/programs/Unity/2020.3.17f1/Editor/Data/Mono/lib/libdl
Fallback handler could not load library D:/programs/Unity/2020.3.17f1/Editor/Data/Mono/lib/libdl.dll
Fallback handler could not load library D:/programs/Unity/2020.3.17f1/Editor/Data/Mono/lib/libdl
- Completed reload, in  1.284 seconds
Domain Reload Profiling:
	ReloadAssembly (1284ms)
		BeginReloadAssembly (167ms)
			ExecutionOrderSort (0ms)
			DisableScriptedObjects (4ms)
			BackupInstance (0ms)
			ReleaseScriptingObjects (0ms)
			CreateAndSetChildDomain (35ms)
		EndReloadAssembly (1058ms)
			LoadAssemblies (143ms)
			RebuildTransferFunctionScriptingTraits (0ms)
			SetupTypeCache (361ms)
			ReleaseScriptCaches (1ms)
			RebuildScriptCaches (38ms)
			SetupLoadedEditorAssemblies (358ms)
				LogAssemblyErrors (0ms)
				InitializePlatformSupportModulesInManaged (4ms)
				SetLoadedEditorAssemblies (0ms)
				RefreshPlugins (1ms)
				BeforeProcessingInitializeOnLoad (80ms)
				ProcessInitializeOnLoadAttributes (264ms)
				ProcessInitializeOnLoadMethodAttributes (4ms)
				AfterProcessingInitializeOnLoad (3ms)
				EditorAssembliesLoaded (0ms)
			ExecutionOrderSort2 (0ms)
			AwakeInstancesAfterBackupRestoration (14ms)
Platform modules already initialized, skipping
Refreshing native plugins compatible for Editor in 0.79 ms, found 6 plugins.
Preloading 0 native plugins for Editor in 0.00 ms.
Unloading 2747 Unused Serialized files (Serialized files now loaded: 0)
System memory in use before: 141.4 MB.
System memory in use after: 141.7 MB.

Unloading 51 unused Assets to reduce memory usage. Loaded Objects now: 3361.
Total: 3.745800 ms (FindLiveObjects: 0.359900 ms CreateObjectMapping: 0.238900 ms MarkObjects: 3.118600 ms  DeleteObjects: 0.027500 ms)

AssetImportParameters requested are different than current active one (requested -> active):
  custom:framework-win-MediaFoundation: 216162199b28c13a410421893ffa2e32 -> 
  custom:video-decoder-ogg-theora: a1e56fd34408186e4bbccfd4996cb3dc -> 
  custom:container-muxer-webm: aa71ff27fc2769a1b78a27578f13a17b -> 
  custom:container-demuxer-webm: 4f35f7cbe854078d1ac9338744f61a02 -> 
  custom:container-demuxer-ogg: 62fdf1f143b41e24485cea50d1cbac27 -> 
  custom:video-encoder-webm-vp8: eb34c28f22e8b96e1ab97ce403110664 -> 
  custom:video-codec-MediaFoundation-h265: 746d11721c4dcdbdad8f713fa42b33f4 -> 
  custom:video-decoder-webm-vp8: 9c59270c3fd7afecdb556c50c9e8de78 -> 
  custom:audio-decoder-ogg-vorbis: bf7c407c2cedff20999df2af8eb42d56 -> 
  custom:audio-encoder-webm-vorbis: bf7c407c2cedff20999df2af8eb42d56 -> 
AssetImportWorkerClient::OnTransportError - code=2 error=End of file
